<?xml version="1.0" encoding="UTF-8"?>
<!-- Generated by org.testng.reporters.JUnitReportReporter -->
<testsuite hostname="Aparnas-MBP" failures="0" tests="1" name="Framework.LoginTest" time="7.828" errors="0" timestamp="2021-01-17T21:15:43 PST" skipped="0">
  <testcase classname="Framework.LoginTest" name="basePageNavigation" time="7.828"/>
  <system-out/>
</testsuite> <!-- Framework.LoginTest -->
