<?xml version="1.0" encoding="UTF-8"?>
<!-- Generated by org.testng.reporters.JUnitReportReporter -->
<testsuite hostname="Aparnas-MBP" failures="0" tests="1" name="Framework.AppTest" time="0.008" errors="0" timestamp="19 Jan 2021 07:23:52 GMT" skipped="0">
  <testcase classname="Framework.AppTest" name="shouldAnswerWithTrue" time="0.008"/>
</testsuite> <!-- Framework.AppTest -->
