<?xml version="1.0" encoding="UTF-8"?>
<!-- Generated by org.testng.reporters.JUnitReportReporter -->
<testsuite hostname="Aparnas-MBP" failures="0" tests="1" name="Framework.LoginTest" time="8.573" errors="0" timestamp="20 Jan 2021 18:18:54 GMT" skipped="0">
  <testcase classname="Framework.LoginTest" name="basePageNavigation" time="8.573"/>
</testsuite> <!-- Framework.LoginTest -->
