<?xml version="1.0" encoding="UTF-8"?>
<!-- Generated by org.testng.reporters.JUnitReportReporter -->
<testsuite hostname="Aparnas-MBP" failures="0" tests="1" name="Framework.LoginPage" time="3.190" errors="0" timestamp="2021-01-17T11:51:40 PST" skipped="0">
  <testcase classname="Framework.LoginPage" name="basePageNavigation" time="3.190"/>
  <system-out/>
</testsuite> <!-- Framework.LoginPage -->
