<?xml version="1.0" encoding="UTF-8"?>
<!-- Generated by org.testng.reporters.JUnitReportReporter -->
<testsuite hostname="Aparnas-MBP" failures="0" tests="1" name="Framework.LoginTest" time="7.971" errors="0" timestamp="20 Jan 2021 23:34:06 GMT" skipped="0">
  <testcase classname="Framework.LoginTest" name="basePageNavigation" time="7.971"/>
</testsuite> <!-- Framework.LoginTest -->
