<?xml version="1.0" encoding="UTF-8"?>
<!-- Generated by org.testng.reporters.JUnitReportReporter -->
<testsuite hostname="Aparnas-MBP" failures="0" tests="1" name="Framework.AppTest" time="0.009" errors="0" timestamp="20 Jan 2021 23:34:06 GMT" skipped="0">
  <testcase classname="Framework.AppTest" name="shouldAnswerWithTrue" time="0.009"/>
</testsuite> <!-- Framework.AppTest -->
