<?xml version="1.0" encoding="UTF-8"?>
<!-- Generated by org.testng.reporters.JUnitReportReporter -->
<testsuite hostname="Aparnas-MBP" failures="0" tests="1" name="Framework.AppTest" time="0.004" errors="0" timestamp="19 Jan 2021 03:31:38 GMT" skipped="0">
  <testcase classname="Framework.AppTest" name="shouldAnswerWithTrue" time="0.004"/>
</testsuite> <!-- Framework.AppTest -->
