<?xml version="1.0" encoding="UTF-8"?>
<!-- Generated by org.testng.reporters.JUnitReportReporter -->
<testsuite hostname="Aparnas-MBP" failures="0" tests="1" name="Framework.LoginTest" time="7.875" errors="0" timestamp="19 Jan 2021 07:58:25 GMT" skipped="0">
  <testcase classname="Framework.LoginTest" name="basePageNavigation" time="7.875"/>
</testsuite> <!-- Framework.LoginTest -->
